0 info it worked if it ends with ok
1 verbose cli [ 'node', '/usr/local/bin/npm', 'install' ]
2 info using npm@1.4.28
3 info using node@v0.10.35
4 warn package.json rpgboss-interface-builder@0.0.1 No description
5 warn package.json rpgboss-interface-builder@0.0.1 No repository field.
6 warn package.json rpgboss-interface-builder@0.0.1 No README data
7 verbose readDependencies using package.json deps
8 verbose install where, deps [ '/Volumes/Time-Machine-Backup/Projekte/rpgboss-interface-builder/src',
8 verbose install   [ 'osenv', 'clone' ] ]
9 info preinstall rpgboss-interface-builder@0.0.1
10 verbose readDependencies using package.json deps
11 verbose already installed skipping osenv@* /Volumes/Time-Machine-Backup/Projekte/rpgboss-interface-builder/src
12 verbose cache add [ 'clone@*', null ]
13 verbose cache add name=undefined spec="clone@*" args=["clone@*",null]
14 verbose parsed url { protocol: null,
14 verbose parsed url   slashes: null,
14 verbose parsed url   auth: null,
14 verbose parsed url   host: null,
14 verbose parsed url   port: null,
14 verbose parsed url   hostname: null,
14 verbose parsed url   hash: null,
14 verbose parsed url   search: null,
14 verbose parsed url   query: null,
14 verbose parsed url   pathname: 'clone@*',
14 verbose parsed url   path: 'clone@*',
14 verbose parsed url   href: 'clone@*' }
15 verbose cache add name="clone" spec="*" args=["clone","*"]
16 verbose parsed url { protocol: null,
16 verbose parsed url   slashes: null,
16 verbose parsed url   auth: null,
16 verbose parsed url   host: null,
16 verbose parsed url   port: null,
16 verbose parsed url   hostname: null,
16 verbose parsed url   hash: null,
16 verbose parsed url   search: null,
16 verbose parsed url   query: null,
16 verbose parsed url   pathname: '*',
16 verbose parsed url   path: '*',
16 verbose parsed url   href: '*' }
17 verbose addNamed [ 'clone', '*' ]
18 verbose addNamed [ null, '*' ]
19 silly lockFile b053f479-clone clone@*
20 verbose lock clone@* /Users/hendrikweiler/.npm/b053f479-clone.lock
21 silly addNameRange { name: 'clone', range: '*', hasData: false }
22 verbose request where is /clone
23 verbose request registry https://registry.npmjs.org/
24 verbose request id f2ef3ffd956068e2
25 verbose url raw /clone
26 verbose url resolving [ 'https://registry.npmjs.org/', './clone' ]
27 verbose url resolved https://registry.npmjs.org/clone
28 verbose request where is https://registry.npmjs.org/clone
29 info trying registry request attempt 1 at 07:15:35
30 http GET https://registry.npmjs.org/clone
31 http 200 https://registry.npmjs.org/clone
32 silly registry.get cb [ 200,
32 silly registry.get   { date: 'Fri, 03 Apr 2015 05:15:35 GMT',
32 silly registry.get     server: 'CouchDB/1.5.0 (Erlang OTP/R16B03)',
32 silly registry.get     etag: '"4ROIDKJ8H6NPDCJU84L284EAS"',
32 silly registry.get     'content-type': 'application/json',
32 silly registry.get     'cache-control': 'max-age=60',
32 silly registry.get     'content-length': '55388',
32 silly registry.get     'accept-ranges': 'bytes',
32 silly registry.get     via: '1.1 varnish',
32 silly registry.get     age: '40',
32 silly registry.get     'x-served-by': 'cache-fra1245-FRA',
32 silly registry.get     'x-cache': 'HIT',
32 silly registry.get     'x-cache-hits': '1',
32 silly registry.get     'x-timer': 'S1428038135.409193,VS0,VE0',
32 silly registry.get     vary: 'Accept',
32 silly registry.get     'keep-alive': 'timeout=10, max=50',
32 silly registry.get     connection: 'Keep-Alive' } ]
33 silly addNameRange number 2 { name: 'clone', range: '*', hasData: true }
34 silly addNameRange versions [ 'clone',
34 silly addNameRange   [ '0.0.0',
34 silly addNameRange     '0.0.1',
34 silly addNameRange     '0.0.2',
34 silly addNameRange     '0.0.3',
34 silly addNameRange     '0.0.4',
34 silly addNameRange     '0.0.5',
34 silly addNameRange     '0.0.6',
34 silly addNameRange     '0.0.7',
34 silly addNameRange     '0.1.0',
34 silly addNameRange     '0.1.1',
34 silly addNameRange     '0.1.2',
34 silly addNameRange     '0.1.3',
34 silly addNameRange     '0.1.4',
34 silly addNameRange     '0.1.5',
34 silly addNameRange     '0.1.6',
34 silly addNameRange     '0.1.7',
34 silly addNameRange     '0.1.8',
34 silly addNameRange     '0.1.9',
34 silly addNameRange     '0.1.10',
34 silly addNameRange     '0.1.11',
34 silly addNameRange     '0.1.12',
34 silly addNameRange     '0.1.13',
34 silly addNameRange     '0.1.14',
34 silly addNameRange     '0.1.15',
34 silly addNameRange     '0.1.16',
34 silly addNameRange     '0.1.17',
34 silly addNameRange     '0.1.18',
34 silly addNameRange     '0.2.0',
34 silly addNameRange     '0.1.19',
34 silly addNameRange     '1.0.0',
34 silly addNameRange     '1.0.1',
34 silly addNameRange     '1.0.2' ] ]
35 verbose addNamed [ 'clone', '1.0.2' ]
36 verbose addNamed [ '1.0.2', '1.0.2' ]
37 silly lockFile bf017c7a-clone-1-0-2 clone@1.0.2
38 verbose lock clone@1.0.2 /Users/hendrikweiler/.npm/bf017c7a-clone-1-0-2.lock
39 silly lockFile 356b141b--npmjs-org-clone-clone-1-0-2-tgz https://registry.npmjs.org/clone/-/clone-1.0.2.tgz
40 verbose lock https://registry.npmjs.org/clone/-/clone-1.0.2.tgz /Users/hendrikweiler/.npm/356b141b--npmjs-org-clone-clone-1-0-2-tgz.lock
41 verbose addRemoteTarball [ 'https://registry.npmjs.org/clone/-/clone-1.0.2.tgz',
41 verbose addRemoteTarball   '260b7a99ebb1edfe247538175f783243cb19d149' ]
42 info retry fetch attempt 1 at 07:15:35
43 verbose fetch to= /var/folders/k4/gs7cmd_s0tq_qpq395z9cv600000gn/T/npm-3402-sMze7U2L/registry.npmjs.org/clone/-/clone-1.0.2.tgz
44 http GET https://registry.npmjs.org/clone/-/clone-1.0.2.tgz
45 http 200 https://registry.npmjs.org/clone/-/clone-1.0.2.tgz
46 silly lockFile 356b141b--npmjs-org-clone-clone-1-0-2-tgz https://registry.npmjs.org/clone/-/clone-1.0.2.tgz
47 silly lockFile 356b141b--npmjs-org-clone-clone-1-0-2-tgz https://registry.npmjs.org/clone/-/clone-1.0.2.tgz
48 silly lockFile bf017c7a-clone-1-0-2 clone@1.0.2
49 silly lockFile bf017c7a-clone-1-0-2 clone@1.0.2
50 silly lockFile b053f479-clone clone@*
51 silly lockFile b053f479-clone clone@*
52 error Error: EACCES, mkdir '/Users/hendrikweiler/.npm/clone/1.0.2'
52 error  { [Error: EACCES, mkdir '/Users/hendrikweiler/.npm/clone/1.0.2']
52 error   errno: 3,
52 error   code: 'EACCES',
52 error   path: '/Users/hendrikweiler/.npm/clone/1.0.2',
52 error   parent: 'rpgboss-interface-builder' }
53 error Please try running this command again as root/Administrator.
54 error System Darwin 14.1.0
55 error command "node" "/usr/local/bin/npm" "install"
56 error cwd /Volumes/Time-Machine-Backup/Projekte/rpgboss-interface-builder/src
57 error node -v v0.10.35
58 error npm -v 1.4.28
59 error path /Users/hendrikweiler/.npm/clone/1.0.2
60 error code EACCES
61 error errno 3
62 error stack Error: EACCES, mkdir '/Users/hendrikweiler/.npm/clone/1.0.2'
63 verbose exit [ 3, true ]
